2025-06-02 18:33:00.369 [main] INFO  listeners.TestListeners - STARTING TEST METHOD: readFromJson
2025-06-02 18:33:00.629 [main] INFO  listeners.TestListeners - TEST METHOD: readFromJson SUCCESSFUL
2025-06-02 18:33:01.085 [main] INFO  listeners.TestListeners - STARTING TEST METHOD: getUsersTest
2025-06-02 18:33:06.377 [main] INFO  listeners.TestListeners - TEST METHOD: getUsersTest SKIPPED!
2025-06-02 18:33:06.382 [main] INFO  listeners.TestListeners - STARTING TEST METHOD: getUsersTest
2025-06-02 18:33:08.345 [main] INFO  listeners.TestListeners - TEST METHOD: getUsersTest SKIPPED!
2025-06-02 18:33:08.351 [main] INFO  listeners.TestListeners - STARTING TEST METHOD: getUsersTest
2025-06-02 18:33:09.740 [main] INFO  listeners.TestListeners - TEST METHOD: getUsersTest FAILED!
2025-06-02 18:33:09.816 [main] INFO  listeners.TestListeners - STARTING TEST METHOD: getUserByIdTest
2025-06-02 18:33:09.824 [main] INFO  listeners.TestListeners - TEST METHOD: getUserByIdTest FAILED!
2025-06-02 18:33:09.883 [main] INFO  listeners.TestListeners - STARTING TEST METHOD: createUserTest
2025-06-02 18:33:10.275 [main] INFO  listeners.TestListeners - TEST METHOD: createUserTest SUCCESSFUL
2025-06-02 18:33:10.316 [main] INFO  listeners.TestListeners - STARTING TEST METHOD: createUserUsingJavaObjectTest
2025-06-02 18:33:11.302 [main] INFO  listeners.TestListeners - TEST METHOD: createUserUsingJavaObjectTest SUCCESSFUL
2025-06-02 18:33:11.342 [main] INFO  listeners.TestListeners - STARTING TEST METHOD: updateUserTest
2025-06-02 18:33:11.847 [main] INFO  listeners.TestListeners - TEST METHOD: updateUserTest SUCCESSFUL
2025-06-02 18:33:11.934 [main] INFO  listeners.TestListeners - STARTING TEST METHOD: updateUserTestUsingJavaObject
2025-06-02 18:33:13.259 [main] INFO  listeners.TestListeners - TEST METHOD: updateUserTestUsingJavaObject SUCCESSFUL
2025-06-02 18:33:13.314 [main] INFO  listeners.TestListeners - STARTING TEST METHOD: deleteUserTest
2025-06-02 18:33:14.103 [main] INFO  listeners.TestListeners - TEST METHOD: deleteUserTest SUCCESSFUL
